<?xml version="1.0" encoding="UTF-8"?>
<testsuite xmlns:xsi="http://www.w3.org/2001/XMLSchema-instance" xsi:noNamespaceSchemaLocation="https://maven.apache.org/surefire/maven-surefire-plugin/xsd/surefire-test-report.xsd" name="com.smaato.adexchange.challenge.AdExchangeControllerTest" time="12.279" tests="3" errors="0" skipped="0" failures="0">
  <properties>
[...]
</properties>
  <testcase name="givenOnlyId_whenProcessId_thenReturnOk" classname="com.smaato.adexchange.challenge.AdExchangeControllerTest" time="1.174"/>
  <testcase name="givenIdAndEndpoint_whenProcessId_thenReturnOk" classname="com.smaato.adexchange.challenge.AdExchangeControllerTest" time="0.998"/>
  <testcase name="givenNoId_whenProcessId_thenReturnFailed" classname="com.smaato.adexchange.challenge.AdExchangeControllerTest" time="0.039"/>
</testsuite>